[2024-07-15 21:46:43] [info] Dies ist eine Info-Nachricht
[2024-07-15 21:46:43] [warning] Dies ist eine Warnung
[2024-07-15 21:46:43] [error] Dies ist ein Fehler
[2024-07-15 21:46:54] [info] Dies ist eine Info-Nachricht
[2024-07-15 21:46:54] [warning] Dies ist eine Warnung
[2024-07-15 21:46:54] [error] Dies ist ein Fehler
[2024-07-20 13:04:51] [info] X
[2024-07-20 13:10:53] [info] Script gestartet
[2024-07-20 13:11:47] [info] X
[2024-07-20 13:45:15] [info] Skript gestartet
[2024-07-20 13:46:55] [info] Skript gestartet
[2024-07-20 13:48:48] [info] Skript gestartet
[2024-07-20 13:48:49] [info] Verarbeite Plugin Akismet Anti-spam: Spam Protection für https://karateke-webdesign.de
[2024-07-20 13:48:49] [info] Verarbeite Plugin All in One SEO für https://karateke-webdesign.de
[2024-07-20 13:48:49] [info] Verarbeite Plugin Antispam Bee für https://karateke-webdesign.de
[2024-07-20 13:48:49] [info] Verarbeite Plugin Application Passwords für https://karateke-webdesign.de
[2024-07-20 13:48:49] [info] Verarbeite Plugin JSON Basic Authentication für https://karateke-webdesign.de
[2024-07-20 13:48:49] [info] Verarbeite Plugin Site Kit von Google für https://karateke-webdesign.de
[2024-07-20 13:48:49] [info] Verarbeite Plugin Smush für https://karateke-webdesign.de
[2024-07-20 13:48:49] [info] Verarbeite Plugin Wordfence Login Security für https://karateke-webdesign.de
[2024-07-20 13:48:49] [info] Verarbeite Plugin Wordfence Security für https://karateke-webdesign.de
[2024-07-20 13:48:49] [info] Verarbeite Plugin WPCode Lite für https://karateke-webdesign.de
[2024-07-20 13:48:49] [info] Verarbeite Plugin WPForms Lite für https://karateke-webdesign.de
[2024-07-20 13:48:49] [info] Verarbeite Plugin WP Mail SMTP für https://karateke-webdesign.de
[2024-07-20 13:48:49] [info] Verarbeite Plugin WPvivid Backup Plugin für https://karateke-webdesign.de
[2024-07-20 13:48:49] [error] Fehler bei https://dev.karafinds.com: Failed to fetch plugin updates: Invalid JSON response
[2024-07-20 13:50:12] [info] Skript gestartet
[2024-07-20 13:50:13] [info] Verarbeite Plugin Akismet Anti-spam: Spam Protection für https://karateke-webdesign.de
[2024-07-20 13:50:13] [info] Verarbeite Plugin All in One SEO für https://karateke-webdesign.de
[2024-07-20 13:50:13] [info] Verarbeite Plugin Antispam Bee für https://karateke-webdesign.de
[2024-07-20 13:50:13] [info] Verarbeite Plugin Application Passwords für https://karateke-webdesign.de
[2024-07-20 13:50:13] [info] Verarbeite Plugin JSON Basic Authentication für https://karateke-webdesign.de
[2024-07-20 13:50:13] [info] Verarbeite Plugin Site Kit von Google für https://karateke-webdesign.de
[2024-07-20 13:50:13] [info] Verarbeite Plugin Smush für https://karateke-webdesign.de
[2024-07-20 13:50:13] [info] Verarbeite Plugin Wordfence Login Security für https://karateke-webdesign.de
[2024-07-20 13:50:13] [info] Verarbeite Plugin Wordfence Security für https://karateke-webdesign.de
[2024-07-20 13:50:13] [info] Verarbeite Plugin WPCode Lite für https://karateke-webdesign.de
[2024-07-20 13:50:13] [info] Verarbeite Plugin WPForms Lite für https://karateke-webdesign.de
[2024-07-20 13:50:13] [info] Verarbeite Plugin WP Mail SMTP für https://karateke-webdesign.de
[2024-07-20 13:50:13] [info] Verarbeite Plugin WPvivid Backup Plugin für https://karateke-webdesign.de
[2024-07-20 13:50:13] [error] Fehler bei https://dev.karafinds.com: Failed to fetch plugin updates: Invalid JSON response
[2024-07-20 13:52:35] [info] Skript gestartet
[2024-07-20 13:52:36] [info] Verarbeite Plugin Akismet Anti-spam: Spam Protection für https://karateke-webdesign.de
[2024-07-20 13:52:36] [info] Verarbeite Plugin All in One SEO für https://karateke-webdesign.de
[2024-07-20 13:52:36] [info] Verarbeite Plugin Antispam Bee für https://karateke-webdesign.de
[2024-07-20 13:52:36] [info] Verarbeite Plugin Application Passwords für https://karateke-webdesign.de
[2024-07-20 13:52:36] [info] Verarbeite Plugin JSON Basic Authentication für https://karateke-webdesign.de
[2024-07-20 13:52:36] [info] Verarbeite Plugin Site Kit von Google für https://karateke-webdesign.de
[2024-07-20 13:52:36] [info] Verarbeite Plugin Smush für https://karateke-webdesign.de
[2024-07-20 13:52:36] [info] Verarbeite Plugin Wordfence Login Security für https://karateke-webdesign.de
[2024-07-20 13:52:36] [info] Verarbeite Plugin Wordfence Security für https://karateke-webdesign.de
[2024-07-20 13:52:36] [info] Verarbeite Plugin WPCode Lite für https://karateke-webdesign.de
[2024-07-20 13:52:36] [info] Verarbeite Plugin WPForms Lite für https://karateke-webdesign.de
[2024-07-20 13:52:36] [info] Verarbeite Plugin WP Mail SMTP für https://karateke-webdesign.de
[2024-07-20 13:52:36] [info] Verarbeite Plugin WPvivid Backup Plugin für https://karateke-webdesign.de
[2024-07-20 13:52:36] [error] Fehler bei https://dev.karafinds.com: Failed to fetch plugin updates: Invalid JSON response
[2024-07-20 13:52:55] [info] Skript gestartet
[2024-07-20 13:52:56] [info] Verarbeite Plugin Akismet Anti-spam: Spam Protection für https://karateke-webdesign.de
[2024-07-20 13:52:56] [info] Verarbeite Plugin All in One SEO für https://karateke-webdesign.de
[2024-07-20 13:52:56] [info] Verarbeite Plugin Antispam Bee für https://karateke-webdesign.de
[2024-07-20 13:52:56] [info] Verarbeite Plugin Application Passwords für https://karateke-webdesign.de
[2024-07-20 13:52:56] [info] Verarbeite Plugin JSON Basic Authentication für https://karateke-webdesign.de
[2024-07-20 13:52:56] [info] Verarbeite Plugin Site Kit von Google für https://karateke-webdesign.de
[2024-07-20 13:52:56] [info] Verarbeite Plugin Smush für https://karateke-webdesign.de
[2024-07-20 13:52:56] [info] Verarbeite Plugin Wordfence Login Security für https://karateke-webdesign.de
[2024-07-20 13:52:56] [info] Verarbeite Plugin Wordfence Security für https://karateke-webdesign.de
[2024-07-20 13:52:56] [info] Verarbeite Plugin WPCode Lite für https://karateke-webdesign.de
[2024-07-20 13:52:56] [info] Verarbeite Plugin WPForms Lite für https://karateke-webdesign.de
[2024-07-20 13:52:56] [info] Verarbeite Plugin WP Mail SMTP für https://karateke-webdesign.de
[2024-07-20 13:52:56] [info] Verarbeite Plugin WPvivid Backup Plugin für https://karateke-webdesign.de
[2024-07-20 13:52:56] [error] Fehler bei https://dev.karafinds.com: Failed to fetch plugin updates: Invalid JSON response
[2024-07-20 13:52:56] [info] CLI-Modus: Es wurden keine Updates geprüft, da keine spezifische URL angegeben wurde.
[2024-07-20 13:58:22] [info] Skript gestartet
[2024-07-20 13:58:23] [info] Verarbeite Plugin Akismet Anti-spam: Spam Protection für https://karateke-webdesign.de
[2024-07-20 13:58:23] [info] Verarbeite Plugin All in One SEO für https://karateke-webdesign.de
[2024-07-20 13:58:23] [info] Verarbeite Plugin Antispam Bee für https://karateke-webdesign.de
[2024-07-20 13:58:23] [info] Verarbeite Plugin Application Passwords für https://karateke-webdesign.de
[2024-07-20 13:58:23] [info] Verarbeite Plugin JSON Basic Authentication für https://karateke-webdesign.de
[2024-07-20 13:58:23] [info] Verarbeite Plugin Site Kit von Google für https://karateke-webdesign.de
[2024-07-20 13:58:23] [info] Verarbeite Plugin Smush für https://karateke-webdesign.de
[2024-07-20 13:58:23] [info] Verarbeite Plugin Wordfence Login Security für https://karateke-webdesign.de
[2024-07-20 13:58:23] [info] Verarbeite Plugin Wordfence Security für https://karateke-webdesign.de
[2024-07-20 13:58:23] [info] Verarbeite Plugin WPCode Lite für https://karateke-webdesign.de
[2024-07-20 13:58:23] [info] Verarbeite Plugin WPForms Lite für https://karateke-webdesign.de
[2024-07-20 13:58:23] [info] Verarbeite Plugin WP Mail SMTP für https://karateke-webdesign.de
[2024-07-20 13:58:23] [info] Verarbeite Plugin WPvivid Backup Plugin für https://karateke-webdesign.de
[2024-07-20 13:58:23] [error] Fehler bei https://dev.karafinds.com: Failed to fetch plugin updates: Invalid JSON response
[2024-07-20 13:58:25] [info] Update-Status für die Website 'https://karateke-webdesign.de' wurde auf true gesetzt.
[2024-07-20 13:58:26] [info] Update-Status für die Website 'https://karateke-webdesign.de' wurde auf true gesetzt.
[2024-07-20 13:58:30] [info] Update-Status für die Website 'https://karateke-webdesign.de' wurde auf true gesetzt.
[2024-07-20 13:58:31] [info] Update-Status für die Website 'https://karateke-webdesign.de' wurde auf true gesetzt.
[2024-07-20 13:58:32] [info] Update-Status für die Website 'https://karateke-webdesign.de' wurde auf true gesetzt.
[2024-07-20 13:58:34] [info] Update-Status für die Website 'https://karateke-webdesign.de' wurde auf true gesetzt.
[2024-07-20 13:58:35] [info] Update-Status für die Website 'https://karateke-webdesign.de' wurde auf true gesetzt.
[2024-07-20 13:58:36] [info] Update-Status für die Website 'https://karateke-webdesign.de' wurde auf true gesetzt.
[2024-07-20 13:58:37] [info] Update-Status für die Website 'https://karateke-webdesign.de' wurde auf true gesetzt.
[2024-07-20 13:58:37] [error] Fehler bei https://dev.karafinds.com: Failed to fetch plugin updates: Invalid JSON response
[2024-07-20 14:05:15] [info] Skript gestartet
[2024-07-20 14:05:16] [info] Verarbeite Plugin Akismet Anti-spam: Spam Protection für https://karateke-webdesign.de
[2024-07-20 14:05:16] [info] Verarbeite Plugin All in One SEO für https://karateke-webdesign.de
[2024-07-20 14:05:16] [info] Verarbeite Plugin Antispam Bee für https://karateke-webdesign.de
[2024-07-20 14:05:16] [info] Verarbeite Plugin Application Passwords für https://karateke-webdesign.de
[2024-07-20 14:05:16] [info] Verarbeite Plugin JSON Basic Authentication für https://karateke-webdesign.de
[2024-07-20 14:05:16] [info] Verarbeite Plugin Site Kit von Google für https://karateke-webdesign.de
[2024-07-20 14:05:16] [info] Verarbeite Plugin Smush für https://karateke-webdesign.de
[2024-07-20 14:05:16] [info] Verarbeite Plugin Wordfence Login Security für https://karateke-webdesign.de
[2024-07-20 14:05:16] [info] Verarbeite Plugin Wordfence Security für https://karateke-webdesign.de
[2024-07-20 14:05:16] [info] Verarbeite Plugin WPCode Lite für https://karateke-webdesign.de
[2024-07-20 14:05:16] [info] Verarbeite Plugin WPForms Lite für https://karateke-webdesign.de
[2024-07-20 14:05:16] [info] Verarbeite Plugin WP Mail SMTP für https://karateke-webdesign.de
[2024-07-20 14:05:16] [info] Verarbeite Plugin WPvivid Backup Plugin für https://karateke-webdesign.de
[2024-07-20 14:05:16] [error] Fehler bei https://dev.karafinds.com: Failed to fetch plugin updates: Invalid JSON response
[2024-07-20 14:05:17] [info] Update-Status für die Website 'https://karateke-webdesign.de' wurde auf true gesetzt.
[2024-07-20 14:05:19] [info] Update-Status für die Website 'https://karateke-webdesign.de' wurde auf true gesetzt.
[2024-07-20 14:05:23] [info] Update-Status für die Website 'https://karateke-webdesign.de' wurde auf true gesetzt.
[2024-07-20 14:05:25] [info] Update-Status für die Website 'https://karateke-webdesign.de' wurde auf true gesetzt.
[2024-07-20 14:05:26] [info] Update-Status für die Website 'https://karateke-webdesign.de' wurde auf true gesetzt.
[2024-07-20 14:05:28] [info] Update-Status für die Website 'https://karateke-webdesign.de' wurde auf true gesetzt.
[2024-07-20 14:05:30] [info] Update-Status für die Website 'https://karateke-webdesign.de' wurde auf true gesetzt.
[2024-07-20 14:05:31] [info] Update-Status für die Website 'https://karateke-webdesign.de' wurde auf true gesetzt.
[2024-07-20 14:05:32] [info] Update-Status für die Website 'https://karateke-webdesign.de' wurde auf true gesetzt.
[2024-07-20 14:05:32] [error] Fehler bei https://dev.karafinds.com: Failed to fetch plugin updates: Invalid JSON response
[2024-07-20 14:15:46] [info] Skript gestartet
[2024-07-20 14:15:47] [info] Verarbeite Plugin Akismet Anti-spam: Spam Protection für https://karateke-webdesign.de
[2024-07-20 14:15:47] [info] Verarbeite Plugin All in One SEO für https://karateke-webdesign.de
[2024-07-20 14:15:47] [info] Verarbeite Plugin Antispam Bee für https://karateke-webdesign.de
[2024-07-20 14:15:47] [info] Verarbeite Plugin Application Passwords für https://karateke-webdesign.de
[2024-07-20 14:15:47] [info] Verarbeite Plugin JSON Basic Authentication für https://karateke-webdesign.de
[2024-07-20 14:15:47] [info] Verarbeite Plugin Site Kit von Google für https://karateke-webdesign.de
[2024-07-20 14:15:47] [info] Verarbeite Plugin Smush für https://karateke-webdesign.de
[2024-07-20 14:15:47] [info] Verarbeite Plugin Wordfence Login Security für https://karateke-webdesign.de
[2024-07-20 14:15:47] [info] Verarbeite Plugin Wordfence Security für https://karateke-webdesign.de
[2024-07-20 14:15:47] [info] Verarbeite Plugin WPCode Lite für https://karateke-webdesign.de
[2024-07-20 14:15:47] [info] Verarbeite Plugin WPForms Lite für https://karateke-webdesign.de
[2024-07-20 14:15:47] [info] Verarbeite Plugin WP Mail SMTP für https://karateke-webdesign.de
[2024-07-20 14:15:47] [info] Verarbeite Plugin WPvivid Backup Plugin für https://karateke-webdesign.de
[2024-07-20 14:15:48] [error] Fehler bei https://dev.karafinds.com: Failed to fetch plugin updates: Invalid JSON response
[2024-07-20 14:15:49] [info] Update-Status für die Website 'https://karateke-webdesign.de' wurde auf true gesetzt.
[2024-07-20 14:15:51] [info] Update-Status für die Website 'https://karateke-webdesign.de' wurde auf true gesetzt.
[2024-07-20 14:15:55] [info] Update-Status für die Website 'https://karateke-webdesign.de' wurde auf true gesetzt.
[2024-07-20 14:15:56] [info] Update-Status für die Website 'https://karateke-webdesign.de' wurde auf true gesetzt.
[2024-07-20 14:15:57] [info] Update-Status für die Website 'https://karateke-webdesign.de' wurde auf true gesetzt.
[2024-07-20 14:16:01] [info] Update-Status für die Website 'https://karateke-webdesign.de' wurde auf true gesetzt.
[2024-07-20 14:16:02] [info] Update-Status für die Website 'https://karateke-webdesign.de' wurde auf true gesetzt.
[2024-07-20 14:16:03] [info] Update-Status für die Website 'https://karateke-webdesign.de' wurde auf true gesetzt.
[2024-07-20 14:16:05] [info] Update-Status für die Website 'https://karateke-webdesign.de' wurde auf true gesetzt.
[2024-07-20 14:16:05] [error] Fehler bei https://dev.karafinds.com: Failed to fetch plugin updates: Invalid JSON response
[2024-07-20 14:28:12] [info] Skript gestartet
[2024-07-20 14:28:13] [info] Verarbeite Plugin Akismet Anti-spam: Spam Protection für https://karateke-webdesign.de
[2024-07-20 14:28:13] [info] Verarbeite Plugin All in One SEO für https://karateke-webdesign.de
[2024-07-20 14:28:13] [info] Verarbeite Plugin Antispam Bee für https://karateke-webdesign.de
[2024-07-20 14:28:13] [info] Verarbeite Plugin Application Passwords für https://karateke-webdesign.de
[2024-07-20 14:28:13] [info] Verarbeite Plugin JSON Basic Authentication für https://karateke-webdesign.de
[2024-07-20 14:28:13] [info] Verarbeite Plugin Site Kit von Google für https://karateke-webdesign.de
[2024-07-20 14:28:13] [info] Verarbeite Plugin Smush für https://karateke-webdesign.de
[2024-07-20 14:28:13] [info] Verarbeite Plugin Wordfence Login Security für https://karateke-webdesign.de
[2024-07-20 14:28:13] [info] Verarbeite Plugin Wordfence Security für https://karateke-webdesign.de
[2024-07-20 14:28:13] [info] Verarbeite Plugin WPCode Lite für https://karateke-webdesign.de
[2024-07-20 14:28:13] [info] Verarbeite Plugin WPForms Lite für https://karateke-webdesign.de
[2024-07-20 14:28:13] [info] Verarbeite Plugin WP Mail SMTP für https://karateke-webdesign.de
[2024-07-20 14:28:13] [info] Verarbeite Plugin WPvivid Backup Plugin für https://karateke-webdesign.de
[2024-07-20 14:28:13] [error] Fehler bei https://dev.karafinds.com: Failed to fetch plugin updates: Invalid JSON response
[2024-07-20 14:28:15] [info] Update-Status für die Website 'https://karateke-webdesign.de' wurde auf 1 gesetzt.
[2024-07-20 14:28:16] [info] Update-Status für die Website 'https://karateke-webdesign.de' wurde auf 1 gesetzt.
[2024-07-20 14:28:20] [info] Update-Status für die Website 'https://karateke-webdesign.de' wurde auf 1 gesetzt.
[2024-07-20 14:28:22] [info] Update-Status für die Website 'https://karateke-webdesign.de' wurde auf 1 gesetzt.
[2024-07-20 14:28:23] [info] Update-Status für die Website 'https://karateke-webdesign.de' wurde auf 1 gesetzt.
[2024-07-20 14:28:26] [info] Update-Status für die Website 'https://karateke-webdesign.de' wurde auf 1 gesetzt.
[2024-07-20 14:28:27] [info] Update-Status für die Website 'https://karateke-webdesign.de' wurde auf 1 gesetzt.
[2024-07-20 14:28:28] [info] Update-Status für die Website 'https://karateke-webdesign.de' wurde auf 1 gesetzt.
[2024-07-20 14:28:29] [info] Update-Status für die Website 'https://karateke-webdesign.de' wurde auf 1 gesetzt.
[2024-07-20 14:28:30] [error] Fehler bei https://dev.karafinds.com: Failed to fetch plugin updates: Invalid JSON response
[2024-07-20 14:35:35] [info] Skript gestartet
[2024-07-20 14:35:35] [info] Verarbeite Plugin Akismet Anti-spam: Spam Protection für https://karateke-webdesign.de
[2024-07-20 14:35:35] [info] Verarbeite Plugin All in One SEO für https://karateke-webdesign.de
[2024-07-20 14:35:35] [info] Verarbeite Plugin Antispam Bee für https://karateke-webdesign.de
[2024-07-20 14:35:35] [info] Verarbeite Plugin Application Passwords für https://karateke-webdesign.de
[2024-07-20 14:35:35] [info] Verarbeite Plugin JSON Basic Authentication für https://karateke-webdesign.de
[2024-07-20 14:35:35] [info] Verarbeite Plugin Site Kit von Google für https://karateke-webdesign.de
[2024-07-20 14:35:35] [info] Verarbeite Plugin Smush für https://karateke-webdesign.de
[2024-07-20 14:35:35] [info] Verarbeite Plugin Wordfence Login Security für https://karateke-webdesign.de
[2024-07-20 14:35:35] [info] Verarbeite Plugin Wordfence Security für https://karateke-webdesign.de
[2024-07-20 14:35:35] [info] Verarbeite Plugin WPCode Lite für https://karateke-webdesign.de
[2024-07-20 14:35:35] [info] Verarbeite Plugin WPForms Lite für https://karateke-webdesign.de
[2024-07-20 14:35:35] [info] Verarbeite Plugin WP Mail SMTP für https://karateke-webdesign.de
[2024-07-20 14:35:35] [info] Verarbeite Plugin WPvivid Backup Plugin für https://karateke-webdesign.de
[2024-07-20 14:35:36] [error] Fehler bei https://dev.karafinds.com: Failed to fetch plugin updates: Invalid JSON response
[2024-07-20 14:36:25] [info] Skript gestartet
[2024-07-20 14:36:26] [info] Verarbeite Plugin Akismet Anti-spam: Spam Protection für https://karateke-webdesign.de
[2024-07-20 14:36:26] [info] Verarbeite Plugin All in One SEO für https://karateke-webdesign.de
[2024-07-20 14:36:26] [info] Verarbeite Plugin Antispam Bee für https://karateke-webdesign.de
[2024-07-20 14:36:26] [info] Verarbeite Plugin Application Passwords für https://karateke-webdesign.de
[2024-07-20 14:36:26] [info] Verarbeite Plugin JSON Basic Authentication für https://karateke-webdesign.de
[2024-07-20 14:36:26] [info] Verarbeite Plugin Site Kit von Google für https://karateke-webdesign.de
[2024-07-20 14:36:26] [info] Verarbeite Plugin Smush für https://karateke-webdesign.de
[2024-07-20 14:36:26] [info] Verarbeite Plugin Wordfence Login Security für https://karateke-webdesign.de
[2024-07-20 14:36:26] [info] Verarbeite Plugin Wordfence Security für https://karateke-webdesign.de
[2024-07-20 14:36:26] [info] Verarbeite Plugin WPCode Lite für https://karateke-webdesign.de
[2024-07-20 14:36:26] [info] Verarbeite Plugin WPForms Lite für https://karateke-webdesign.de
[2024-07-20 14:36:26] [info] Verarbeite Plugin WP Mail SMTP für https://karateke-webdesign.de
[2024-07-20 14:36:26] [info] Verarbeite Plugin WPvivid Backup Plugin für https://karateke-webdesign.de
[2024-07-20 14:36:26] [error] Fehler bei https://dev.karafinds.com: Failed to fetch plugin updates: Invalid JSON response
[2024-07-20 14:36:28] [info] Update-Status für die Website 'https://karateke-webdesign.de' wurde auf 1 gesetzt.
[2024-07-20 14:36:29] [info] Update-Status für die Website 'https://karateke-webdesign.de' wurde auf 1 gesetzt.
[2024-07-20 14:36:33] [info] Update-Status für die Website 'https://karateke-webdesign.de' wurde auf 1 gesetzt.
[2024-07-20 14:36:34] [info] Update-Status für die Website 'https://karateke-webdesign.de' wurde auf 1 gesetzt.
[2024-07-20 14:36:35] [info] Update-Status für die Website 'https://karateke-webdesign.de' wurde auf 1 gesetzt.
[2024-07-20 14:36:37] [info] Update-Status für die Website 'https://karateke-webdesign.de' wurde auf 1 gesetzt.
[2024-07-20 14:36:38] [info] Update-Status für die Website 'https://karateke-webdesign.de' wurde auf 1 gesetzt.
[2024-07-20 14:36:39] [info] Update-Status für die Website 'https://karateke-webdesign.de' wurde auf 1 gesetzt.
[2024-07-20 14:36:40] [info] Update-Status für die Website 'https://karateke-webdesign.de' wurde auf 1 gesetzt.
[2024-07-20 14:36:40] [error] Fehler bei https://dev.karafinds.com: Failed to fetch plugin updates: Invalid JSON response
[2024-07-20 14:39:41] [info] Skript gestartet
[2024-07-20 14:39:41] [info] Verarbeite Plugin Akismet Anti-spam: Spam Protection für https://karateke-webdesign.de
[2024-07-20 14:39:41] [info] Verarbeite Plugin All in One SEO für https://karateke-webdesign.de
[2024-07-20 14:39:41] [info] Verarbeite Plugin Antispam Bee für https://karateke-webdesign.de
[2024-07-20 14:39:41] [info] Verarbeite Plugin Application Passwords für https://karateke-webdesign.de
[2024-07-20 14:39:41] [info] Verarbeite Plugin JSON Basic Authentication für https://karateke-webdesign.de
[2024-07-20 14:39:41] [info] Verarbeite Plugin Site Kit von Google für https://karateke-webdesign.de
[2024-07-20 14:39:41] [info] Verarbeite Plugin Smush für https://karateke-webdesign.de
[2024-07-20 14:39:41] [info] Verarbeite Plugin Wordfence Login Security für https://karateke-webdesign.de
[2024-07-20 14:39:41] [info] Verarbeite Plugin Wordfence Security für https://karateke-webdesign.de
[2024-07-20 14:39:41] [info] Verarbeite Plugin WPCode Lite für https://karateke-webdesign.de
[2024-07-20 14:39:41] [info] Verarbeite Plugin WPForms Lite für https://karateke-webdesign.de
[2024-07-20 14:39:41] [info] Verarbeite Plugin WP Mail SMTP für https://karateke-webdesign.de
[2024-07-20 14:39:41] [info] Verarbeite Plugin WPvivid Backup Plugin für https://karateke-webdesign.de
[2024-07-20 14:39:42] [error] Fehler bei https://dev.karafinds.com: Failed to fetch plugin updates: Invalid JSON response
[2024-07-20 14:40:09] [info] Skript gestartet
[2024-07-20 14:40:10] [info] Verarbeite Plugin Akismet Anti-spam: Spam Protection für https://karateke-webdesign.de
[2024-07-20 14:40:10] [info] Verarbeite Plugin All in One SEO für https://karateke-webdesign.de
[2024-07-20 14:40:10] [info] Verarbeite Plugin Antispam Bee für https://karateke-webdesign.de
[2024-07-20 14:40:10] [info] Verarbeite Plugin Application Passwords für https://karateke-webdesign.de
[2024-07-20 14:40:10] [info] Verarbeite Plugin JSON Basic Authentication für https://karateke-webdesign.de
[2024-07-20 14:40:10] [info] Verarbeite Plugin Site Kit von Google für https://karateke-webdesign.de
[2024-07-20 14:40:10] [info] Verarbeite Plugin Smush für https://karateke-webdesign.de
[2024-07-20 14:40:10] [info] Verarbeite Plugin Wordfence Login Security für https://karateke-webdesign.de
[2024-07-20 14:40:10] [info] Verarbeite Plugin Wordfence Security für https://karateke-webdesign.de
[2024-07-20 14:40:10] [info] Verarbeite Plugin WPCode Lite für https://karateke-webdesign.de
[2024-07-20 14:40:10] [info] Verarbeite Plugin WPForms Lite für https://karateke-webdesign.de
[2024-07-20 14:40:10] [info] Verarbeite Plugin WP Mail SMTP für https://karateke-webdesign.de
[2024-07-20 14:40:10] [info] Verarbeite Plugin WPvivid Backup Plugin für https://karateke-webdesign.de
[2024-07-20 14:40:10] [error] Fehler bei https://dev.karafinds.com: Failed to fetch plugin updates: Invalid JSON response
[2024-07-20 14:40:11] [info] Update-Status für die Website 'https://karateke-webdesign.de' wurde auf 1 gesetzt.
[2024-07-20 14:40:12] [info] Update-Status für die Website 'https://karateke-webdesign.de' wurde auf 1 gesetzt.
[2024-07-20 14:40:17] [info] Update-Status für die Website 'https://karateke-webdesign.de' wurde auf 1 gesetzt.
[2024-07-20 14:40:19] [info] Update-Status für die Website 'https://karateke-webdesign.de' wurde auf 1 gesetzt.
[2024-07-20 14:40:20] [info] Update-Status für die Website 'https://karateke-webdesign.de' wurde auf 1 gesetzt.
[2024-07-20 14:40:22] [info] Update-Status für die Website 'https://karateke-webdesign.de' wurde auf 1 gesetzt.
[2024-07-20 14:40:24] [info] Update-Status für die Website 'https://karateke-webdesign.de' wurde auf 1 gesetzt.
[2024-07-20 14:40:25] [info] Update-Status für die Website 'https://karateke-webdesign.de' wurde auf 1 gesetzt.
[2024-07-20 14:40:26] [info] Update-Status für die Website 'https://karateke-webdesign.de' wurde auf 1 gesetzt.
[2024-07-20 14:40:27] [error] Fehler bei https://dev.karafinds.com: Failed to fetch plugin updates: Invalid JSON response
[2024-07-20 14:45:02] [info] Skript gestartet
[2024-07-20 14:45:03] [info] Verarbeite Plugin Akismet Anti-spam: Spam Protection für https://karateke-webdesign.de
[2024-07-20 14:45:03] [info] Verarbeite Plugin All in One SEO für https://karateke-webdesign.de
[2024-07-20 14:45:03] [info] Verarbeite Plugin Antispam Bee für https://karateke-webdesign.de
[2024-07-20 14:45:03] [info] Verarbeite Plugin Application Passwords für https://karateke-webdesign.de
[2024-07-20 14:45:03] [info] Verarbeite Plugin JSON Basic Authentication für https://karateke-webdesign.de
[2024-07-20 14:45:03] [info] Verarbeite Plugin Site Kit von Google für https://karateke-webdesign.de
[2024-07-20 14:45:03] [info] Verarbeite Plugin Smush für https://karateke-webdesign.de
[2024-07-20 14:45:03] [info] Verarbeite Plugin Wordfence Login Security für https://karateke-webdesign.de
[2024-07-20 14:45:03] [info] Verarbeite Plugin Wordfence Security für https://karateke-webdesign.de
[2024-07-20 14:45:03] [info] Verarbeite Plugin WPCode Lite für https://karateke-webdesign.de
[2024-07-20 14:45:03] [info] Verarbeite Plugin WPForms Lite für https://karateke-webdesign.de
[2024-07-20 14:45:03] [info] Verarbeite Plugin WP Mail SMTP für https://karateke-webdesign.de
[2024-07-20 14:45:03] [info] Verarbeite Plugin WPvivid Backup Plugin für https://karateke-webdesign.de
[2024-07-20 14:45:03] [error] Fehler bei https://dev.karafinds.com: Failed to fetch plugin updates: Invalid JSON response
[2024-07-20 14:45:04] [info] Update-Status für die Website 'https://karateke-webdesign.de' wurde auf 1 gesetzt.
[2024-07-20 14:45:06] [info] Update-Status für die Website 'https://karateke-webdesign.de' wurde auf 2 gesetzt.
[2024-07-20 14:45:10] [info] Update-Status für die Website 'https://karateke-webdesign.de' wurde auf 3 gesetzt.
[2024-07-20 14:45:11] [info] Update-Status für die Website 'https://karateke-webdesign.de' wurde auf 4 gesetzt.
[2024-07-20 14:45:12] [info] Update-Status für die Website 'https://karateke-webdesign.de' wurde auf 5 gesetzt.
[2024-07-20 14:45:14] [info] Update-Status für die Website 'https://karateke-webdesign.de' wurde auf 6 gesetzt.
[2024-07-20 14:45:15] [info] Update-Status für die Website 'https://karateke-webdesign.de' wurde auf 7 gesetzt.
[2024-07-20 14:45:16] [info] Update-Status für die Website 'https://karateke-webdesign.de' wurde auf 8 gesetzt.
[2024-07-20 14:45:17] [info] Update-Status für die Website 'https://karateke-webdesign.de' wurde auf 9 gesetzt.
[2024-07-20 14:45:17] [error] Fehler bei https://dev.karafinds.com: Failed to fetch plugin updates: Invalid JSON response
[2024-07-20 14:46:53] [info] Skript gestartet
[2024-07-20 14:46:53] [info] Verarbeite Plugin Akismet Anti-spam: Spam Protection für https://karateke-webdesign.de
[2024-07-20 14:46:53] [info] Verarbeite Plugin All in One SEO für https://karateke-webdesign.de
[2024-07-20 14:46:53] [info] Verarbeite Plugin Antispam Bee für https://karateke-webdesign.de
[2024-07-20 14:46:53] [info] Verarbeite Plugin Application Passwords für https://karateke-webdesign.de
[2024-07-20 14:46:53] [info] Verarbeite Plugin JSON Basic Authentication für https://karateke-webdesign.de
[2024-07-20 14:46:53] [info] Verarbeite Plugin Site Kit von Google für https://karateke-webdesign.de
[2024-07-20 14:46:53] [info] Verarbeite Plugin Smush für https://karateke-webdesign.de
[2024-07-20 14:46:53] [info] Verarbeite Plugin Wordfence Login Security für https://karateke-webdesign.de
[2024-07-20 14:46:53] [info] Verarbeite Plugin Wordfence Security für https://karateke-webdesign.de
[2024-07-20 14:46:53] [info] Verarbeite Plugin WPCode Lite für https://karateke-webdesign.de
[2024-07-20 14:46:53] [info] Verarbeite Plugin WPForms Lite für https://karateke-webdesign.de
[2024-07-20 14:46:53] [info] Verarbeite Plugin WP Mail SMTP für https://karateke-webdesign.de
[2024-07-20 14:46:53] [info] Verarbeite Plugin WPvivid Backup Plugin für https://karateke-webdesign.de
[2024-07-20 14:46:54] [error] Fehler bei https://dev.karafinds.com: Failed to fetch plugin updates: Invalid JSON response
[2024-07-20 14:46:55] [info] Update-Status für die Website 'https://karateke-webdesign.de' wurde auf 10 gesetzt.
[2024-07-20 14:46:56] [info] Update-Status für die Website 'https://karateke-webdesign.de' wurde auf 11 gesetzt.
[2024-07-20 14:47:00] [info] Update-Status für die Website 'https://karateke-webdesign.de' wurde auf 12 gesetzt.
[2024-07-20 14:47:02] [info] Update-Status für die Website 'https://karateke-webdesign.de' wurde auf 13 gesetzt.
[2024-07-20 14:47:03] [info] Update-Status für die Website 'https://karateke-webdesign.de' wurde auf 14 gesetzt.
[2024-07-20 14:47:05] [info] Update-Status für die Website 'https://karateke-webdesign.de' wurde auf 15 gesetzt.
[2024-07-20 14:47:07] [info] Update-Status für die Website 'https://karateke-webdesign.de' wurde auf 16 gesetzt.
[2024-07-20 14:47:08] [info] Update-Status für die Website 'https://karateke-webdesign.de' wurde auf 17 gesetzt.
[2024-07-20 14:47:09] [info] Update-Status für die Website 'https://karateke-webdesign.de' wurde auf 18 gesetzt.
[2024-07-20 14:47:09] [error] Fehler bei https://dev.karafinds.com: Failed to fetch plugin updates: Invalid JSON response
[2024-07-20 14:48:21] [info] Skript gestartet
[2024-07-20 14:48:22] [info] Verarbeite Plugin Akismet Anti-spam: Spam Protection für https://karateke-webdesign.de
[2024-07-20 14:48:22] [info] Verarbeite Plugin All in One SEO für https://karateke-webdesign.de
[2024-07-20 14:48:22] [info] Verarbeite Plugin Antispam Bee für https://karateke-webdesign.de
[2024-07-20 14:48:22] [info] Verarbeite Plugin Application Passwords für https://karateke-webdesign.de
[2024-07-20 14:48:22] [info] Verarbeite Plugin JSON Basic Authentication für https://karateke-webdesign.de
[2024-07-20 14:48:22] [info] Verarbeite Plugin Site Kit von Google für https://karateke-webdesign.de
[2024-07-20 14:48:22] [info] Verarbeite Plugin Smush für https://karateke-webdesign.de
[2024-07-20 14:48:22] [info] Verarbeite Plugin Wordfence Login Security für https://karateke-webdesign.de
[2024-07-20 14:48:22] [info] Verarbeite Plugin Wordfence Security für https://karateke-webdesign.de
[2024-07-20 14:48:22] [info] Verarbeite Plugin WPCode Lite für https://karateke-webdesign.de
[2024-07-20 14:48:22] [info] Verarbeite Plugin WPForms Lite für https://karateke-webdesign.de
[2024-07-20 14:48:22] [info] Verarbeite Plugin WP Mail SMTP für https://karateke-webdesign.de
[2024-07-20 14:48:22] [info] Verarbeite Plugin WPvivid Backup Plugin für https://karateke-webdesign.de
[2024-07-20 14:48:22] [error] Fehler bei https://dev.karafinds.com: Failed to fetch plugin updates: Invalid JSON response
[2024-07-20 14:48:24] [info] Update-Status für die Website 'https://karateke-webdesign.de' wurde auf 19 gesetzt.
[2024-07-20 14:48:25] [info] Update-Status für die Website 'https://karateke-webdesign.de' wurde auf 20 gesetzt.
[2024-07-20 14:48:31] [info] Update-Status für die Website 'https://karateke-webdesign.de' wurde auf 21 gesetzt.
[2024-07-20 14:48:32] [info] Update-Status für die Website 'https://karateke-webdesign.de' wurde auf 22 gesetzt.
[2024-07-20 14:48:33] [info] Update-Status für die Website 'https://karateke-webdesign.de' wurde auf 23 gesetzt.
[2024-07-20 14:48:36] [info] Update-Status für die Website 'https://karateke-webdesign.de' wurde auf 24 gesetzt.
[2024-07-20 14:48:37] [info] Update-Status für die Website 'https://karateke-webdesign.de' wurde auf 25 gesetzt.
[2024-07-20 14:48:38] [info] Update-Status für die Website 'https://karateke-webdesign.de' wurde auf 26 gesetzt.
[2024-07-20 14:48:40] [info] Update-Status für die Website 'https://karateke-webdesign.de' wurde auf 27 gesetzt.
[2024-07-20 14:48:40] [error] Fehler bei https://dev.karafinds.com: Failed to fetch plugin updates: Invalid JSON response
[2024-07-20 14:49:36] [info] Skript gestartet
[2024-07-20 14:49:36] [info] Verarbeite Plugin Akismet Anti-spam: Spam Protection für https://karateke-webdesign.de
[2024-07-20 14:49:36] [info] Verarbeite Plugin All in One SEO für https://karateke-webdesign.de
[2024-07-20 14:49:36] [info] Verarbeite Plugin Antispam Bee für https://karateke-webdesign.de
[2024-07-20 14:49:36] [info] Verarbeite Plugin Application Passwords für https://karateke-webdesign.de
[2024-07-20 14:49:36] [info] Verarbeite Plugin JSON Basic Authentication für https://karateke-webdesign.de
[2024-07-20 14:49:36] [info] Verarbeite Plugin Site Kit von Google für https://karateke-webdesign.de
[2024-07-20 14:49:36] [info] Verarbeite Plugin Smush für https://karateke-webdesign.de
[2024-07-20 14:49:36] [info] Verarbeite Plugin Wordfence Login Security für https://karateke-webdesign.de
[2024-07-20 14:49:36] [info] Verarbeite Plugin Wordfence Security für https://karateke-webdesign.de
[2024-07-20 14:49:36] [info] Verarbeite Plugin WPCode Lite für https://karateke-webdesign.de
[2024-07-20 14:49:36] [info] Verarbeite Plugin WPForms Lite für https://karateke-webdesign.de
[2024-07-20 14:49:36] [info] Verarbeite Plugin WP Mail SMTP für https://karateke-webdesign.de
[2024-07-20 14:49:36] [info] Verarbeite Plugin WPvivid Backup Plugin für https://karateke-webdesign.de
[2024-07-20 14:49:37] [error] Fehler bei https://dev.karafinds.com: Failed to fetch plugin updates: Invalid JSON response
[2024-07-20 14:49:39] [info] Update-Status für die Website 'https://karateke-webdesign.de' wurde auf 1 gesetzt.
[2024-07-20 14:49:40] [info] Update-Status für die Website 'https://karateke-webdesign.de' wurde auf 2 gesetzt.
[2024-07-20 14:49:45] [info] Update-Status für die Website 'https://karateke-webdesign.de' wurde auf 3 gesetzt.
[2024-07-20 14:49:46] [info] Update-Status für die Website 'https://karateke-webdesign.de' wurde auf 4 gesetzt.
[2024-07-20 14:49:48] [info] Update-Status für die Website 'https://karateke-webdesign.de' wurde auf 5 gesetzt.
[2024-07-20 14:49:51] [info] Update-Status für die Website 'https://karateke-webdesign.de' wurde auf 6 gesetzt.
[2024-07-20 14:49:53] [info] Update-Status für die Website 'https://karateke-webdesign.de' wurde auf 7 gesetzt.
[2024-07-20 14:49:54] [info] Update-Status für die Website 'https://karateke-webdesign.de' wurde auf 8 gesetzt.
[2024-07-20 14:49:56] [info] Update-Status für die Website 'https://karateke-webdesign.de' wurde auf 9 gesetzt.
[2024-07-20 14:49:56] [error] Fehler bei https://dev.karafinds.com: Failed to fetch plugin updates: Invalid JSON response
[2024-07-20 14:50:05] [info] Skript gestartet
[2024-07-20 14:50:06] [info] Verarbeite Plugin Akismet Anti-spam: Spam Protection für https://karateke-webdesign.de
[2024-07-20 14:50:06] [info] Verarbeite Plugin All in One SEO für https://karateke-webdesign.de
[2024-07-20 14:50:06] [info] Verarbeite Plugin Antispam Bee für https://karateke-webdesign.de
[2024-07-20 14:50:06] [info] Verarbeite Plugin Application Passwords für https://karateke-webdesign.de
[2024-07-20 14:50:06] [info] Verarbeite Plugin JSON Basic Authentication für https://karateke-webdesign.de
[2024-07-20 14:50:06] [info] Verarbeite Plugin Site Kit von Google für https://karateke-webdesign.de
[2024-07-20 14:50:06] [info] Verarbeite Plugin Smush für https://karateke-webdesign.de
[2024-07-20 14:50:06] [info] Verarbeite Plugin Wordfence Login Security für https://karateke-webdesign.de
[2024-07-20 14:50:06] [info] Verarbeite Plugin Wordfence Security für https://karateke-webdesign.de
[2024-07-20 14:50:06] [info] Verarbeite Plugin WPCode Lite für https://karateke-webdesign.de
[2024-07-20 14:50:06] [info] Verarbeite Plugin WPForms Lite für https://karateke-webdesign.de
[2024-07-20 14:50:06] [info] Verarbeite Plugin WP Mail SMTP für https://karateke-webdesign.de
[2024-07-20 14:50:06] [info] Verarbeite Plugin WPvivid Backup Plugin für https://karateke-webdesign.de
[2024-07-20 14:50:06] [error] Fehler bei https://dev.karafinds.com: Failed to fetch plugin updates: Invalid JSON response
